<?xml version="1.0" encoding="UTF-8"?>
<!-- Generated by org.testng.reporters.JUnitXMLReporter -->
<testsuite hostname="DESKTOP-1RF5DFL" ignored="0" name="Surefire test" tests="3" failures="0" timestamp="23 Aug 2020 14:55:02 GMT" time="0.593" errors="0">
  <testcase name="ApplicationLanching" time="0.126" classname="GTSeleniumProject.BangaloreWebAutomation.SmokeTest"/>
  <testcase name="LoginPage" time="0.013" classname="GTSeleniumProject.BangaloreWebAutomation.SmokeTest"/>
  <testcase name="browserOpen" time="0.003" classname="GTSeleniumProject.BangaloreWebAutomation.SmokeTest"/>
</testsuite> <!-- Surefire test -->
