<?xml version="1.0" encoding="UTF-8"?>
<!-- Generated by org.testng.reporters.JUnitXMLReporter -->
<testsuite hostname="DESKTOP-1RF5DFL" ignored="0" name="Default test" tests="4" failures="0" timestamp="23 Aug 2020 15:04:42 GMT" time="0.477" errors="0">
  <testcase name="ApplicationLanching" time="0.09" classname="GTSeleniumProject.BangaloreWebAutomation.RegressionTest"/>
  <testcase name="HomePage" time="0.016" classname="GTSeleniumProject.BangaloreWebAutomation.RegressionTest"/>
  <testcase name="LoginPage" time="0.024" classname="GTSeleniumProject.BangaloreWebAutomation.RegressionTest"/>
  <testcase name="browserOpen" time="0.005" classname="GTSeleniumProject.BangaloreWebAutomation.RegressionTest"/>
</testsuite> <!-- Default test -->
