<?xml version="1.0" encoding="UTF-8"?>
<!-- Generated by org.testng.reporters.JUnitXMLReporter -->
<testsuite hostname="DESKTOP-1RF5DFL" ignored="0" name="Test" tests="4" failures="0" timestamp="23 Aug 2020 15:17:41 GMT" time="0.834" errors="0">
  <testcase name="ApplicationLanching" time="0.134" classname="GTSeleniumProject.BangaloreWebAutomation.RegressionTest"/>
  <testcase name="HomePage" time="0.006" classname="GTSeleniumProject.BangaloreWebAutomation.RegressionTest"/>
  <testcase name="LoginPage" time="0.002" classname="GTSeleniumProject.BangaloreWebAutomation.RegressionTest"/>
  <testcase name="browserOpen" time="0.004" classname="GTSeleniumProject.BangaloreWebAutomation.RegressionTest"/>
</testsuite> <!-- Test -->
