<?xml version="1.0" encoding="UTF-8"?>
<testng-results skipped="0" failed="0" ignored="0" total="4" passed="4">
  <reporter-output>
  </reporter-output>
  <suite name="Suite" duration-ms="834" started-at="2020-08-23T15:17:40Z" finished-at="2020-08-23T15:17:41Z">
    <groups>
    </groups>
    <test name="Test" duration-ms="834" started-at="2020-08-23T15:17:40Z" finished-at="2020-08-23T15:17:41Z">
      <class name="GTSeleniumProject.BangaloreWebAutomation.RegressionTest">
        <test-method status="PASS" signature="ApplicationLanching()[pri:0, instance:GTSeleniumProject.BangaloreWebAutomation.RegressionTest@7364985f]" name="ApplicationLanching" duration-ms="134" started-at="2020-08-23T15:17:41Z" finished-at="2020-08-23T15:17:41Z">
          <reporter-output>
          </reporter-output>
        </test-method> <!-- ApplicationLanching -->
        <test-method status="PASS" signature="HomePage()[pri:0, instance:GTSeleniumProject.BangaloreWebAutomation.RegressionTest@7364985f]" name="HomePage" duration-ms="6" started-at="2020-08-23T15:17:41Z" finished-at="2020-08-23T15:17:41Z">
          <reporter-output>
          </reporter-output>
        </test-method> <!-- HomePage -->
        <test-method status="PASS" signature="LoginPage()[pri:0, instance:GTSeleniumProject.BangaloreWebAutomation.RegressionTest@7364985f]" name="LoginPage" duration-ms="2" started-at="2020-08-23T15:17:41Z" finished-at="2020-08-23T15:17:41Z">
          <reporter-output>
          </reporter-output>
        </test-method> <!-- LoginPage -->
        <test-method status="PASS" signature="browserOpen()[pri:0, instance:GTSeleniumProject.BangaloreWebAutomation.RegressionTest@7364985f]" name="browserOpen" duration-ms="4" started-at="2020-08-23T15:17:41Z" finished-at="2020-08-23T15:17:41Z">
          <reporter-output>
          </reporter-output>
        </test-method> <!-- browserOpen -->
      </class> <!-- GTSeleniumProject.BangaloreWebAutomation.RegressionTest -->
    </test> <!-- Test -->
  </suite> <!-- Suite -->
</testng-results>
