<?xml version="1.0" encoding="UTF-8"?>
<testng-results skipped="0" failed="0" ignored="0" total="4" passed="4">
  <reporter-output>
  </reporter-output>
  <suite name="Default suite" duration-ms="477" started-at="2020-08-23T15:04:41Z" finished-at="2020-08-23T15:04:41Z">
    <groups>
    </groups>
    <test name="Default test" duration-ms="477" started-at="2020-08-23T15:04:41Z" finished-at="2020-08-23T15:04:41Z">
      <class name="GTSeleniumProject.BangaloreWebAutomation.RegressionTest">
        <test-method status="PASS" signature="ApplicationLanching()[pri:0, instance:GTSeleniumProject.BangaloreWebAutomation.RegressionTest@5b0abc94]" name="ApplicationLanching" duration-ms="90" started-at="2020-08-23T15:04:41Z" finished-at="2020-08-23T15:04:41Z">
          <reporter-output>
          </reporter-output>
        </test-method> <!-- ApplicationLanching -->
        <test-method status="PASS" signature="HomePage()[pri:0, instance:GTSeleniumProject.BangaloreWebAutomation.RegressionTest@5b0abc94]" name="HomePage" duration-ms="16" started-at="2020-08-23T15:04:41Z" finished-at="2020-08-23T15:04:41Z">
          <reporter-output>
          </reporter-output>
        </test-method> <!-- HomePage -->
        <test-method status="PASS" signature="LoginPage()[pri:0, instance:GTSeleniumProject.BangaloreWebAutomation.RegressionTest@5b0abc94]" name="LoginPage" duration-ms="24" started-at="2020-08-23T15:04:41Z" finished-at="2020-08-23T15:04:41Z">
          <reporter-output>
          </reporter-output>
        </test-method> <!-- LoginPage -->
        <test-method status="PASS" signature="browserOpen()[pri:0, instance:GTSeleniumProject.BangaloreWebAutomation.RegressionTest@5b0abc94]" name="browserOpen" duration-ms="5" started-at="2020-08-23T15:04:41Z" finished-at="2020-08-23T15:04:41Z">
          <reporter-output>
          </reporter-output>
        </test-method> <!-- browserOpen -->
      </class> <!-- GTSeleniumProject.BangaloreWebAutomation.RegressionTest -->
    </test> <!-- Default test -->
  </suite> <!-- Default suite -->
</testng-results>
